0 info it worked if it ends with ok
1 verbose cli [ '/usr/local/bin/node',
1 verbose cli   '/usr/local/bin/npm',
1 verbose cli   'install',
1 verbose cli   'node-telegram-bot-api' ]
2 info using npm@1.4.21
3 info using node@v0.10.30
4 warn package.json telegram_bot@0.0.0 No description
5 warn package.json telegram_bot@0.0.0 No repository field.
6 warn package.json telegram_bot@0.0.0 No README data
7 verbose readDependencies using package.json deps
8 verbose cache add [ 'node-telegram-bot-api', null ]
9 verbose cache add name=undefined spec="node-telegram-bot-api" args=["node-telegram-bot-api",null]
10 verbose parsed url { protocol: null,
10 verbose parsed url   slashes: null,
10 verbose parsed url   auth: null,
10 verbose parsed url   host: null,
10 verbose parsed url   port: null,
10 verbose parsed url   hostname: null,
10 verbose parsed url   hash: null,
10 verbose parsed url   search: null,
10 verbose parsed url   query: null,
10 verbose parsed url   pathname: 'node-telegram-bot-api',
10 verbose parsed url   path: 'node-telegram-bot-api',
10 verbose parsed url   href: 'node-telegram-bot-api' }
11 silly lockFile 77689320-node-telegram-bot-api node-telegram-bot-api
12 verbose lock node-telegram-bot-api /root/.npm/77689320-node-telegram-bot-api.lock
13 silly lockFile 77689320-node-telegram-bot-api node-telegram-bot-api
14 silly lockFile 77689320-node-telegram-bot-api node-telegram-bot-api
15 verbose addNamed [ 'node-telegram-bot-api', '' ]
16 verbose addNamed [ null, '*' ]
17 silly lockFile 97e41ab0-node-telegram-bot-api node-telegram-bot-api@
18 verbose lock node-telegram-bot-api@ /root/.npm/97e41ab0-node-telegram-bot-api.lock
19 silly addNameRange { name: 'node-telegram-bot-api', range: '*', hasData: false }
20 verbose request where is /node-telegram-bot-api
21 verbose request registry https://registry.npmjs.org/
22 verbose request id 24631e018bbdebfa
23 verbose url raw /node-telegram-bot-api
24 verbose url resolving [ 'https://registry.npmjs.org/', './node-telegram-bot-api' ]
25 verbose url resolved https://registry.npmjs.org/node-telegram-bot-api
26 verbose request where is https://registry.npmjs.org/node-telegram-bot-api
27 info trying registry request attempt 1 at 01:09:57
28 http GET https://registry.npmjs.org/node-telegram-bot-api
29 http 200 https://registry.npmjs.org/node-telegram-bot-api
30 silly registry.get cb [ 200,
30 silly registry.get   { date: 'Fri, 01 Aug 2025 22:09:57 GMT',
30 silly registry.get     'content-type': 'application/json',
30 silly registry.get     'transfer-encoding': 'chunked',
30 silly registry.get     connection: 'keep-alive',
30 silly registry.get     'cf-ray': '9688a9b0cfecc05e-WAW',
30 silly registry.get     'cf-cache-status': 'HIT',
30 silly registry.get     'access-control-allow-origin': '*',
30 silly registry.get     'cache-control': 'public, max-age=300',
30 silly registry.get     etag: 'W/"8fbf0a158b1ef9e7ac0b3038c28739e9"',
30 silly registry.get     'last-modified': 'Mon, 20 May 2024 21:31:07 GMT',
30 silly registry.get     vary: 'accept-encoding, accept',
30 silly registry.get     'set-cookie': [ '_cfuvid=40ViLsVwCnPZcE.jOk1UQAMD7LoKVKReh3LCk0x_Da4-1754086197927-0.0.1.1-604800000; path=/; domain=.npmjs.org; HttpOnly; Secure; SameSite=None' ],
30 silly registry.get     server: 'cloudflare',
30 silly registry.get     'content-encoding': 'gzip' } ]
31 silly addNameRange number 2 { name: 'node-telegram-bot-api', range: '*', hasData: true }
32 silly addNameRange versions [ 'node-telegram-bot-api',
32 silly addNameRange   [ '0.1.0',
32 silly addNameRange     '0.2.0',
32 silly addNameRange     '0.3.0',
32 silly addNameRange     '0.4.0',
32 silly addNameRange     '0.5.0',
32 silly addNameRange     '0.5.1',
32 silly addNameRange     '0.6.0',
32 silly addNameRange     '0.7.0',
32 silly addNameRange     '0.8.0',
32 silly addNameRange     '0.8.1',
32 silly addNameRange     '0.8.2',
32 silly addNameRange     '0.8.3',
32 silly addNameRange     '0.8.4',
32 silly addNameRange     '0.8.5',
32 silly addNameRange     '0.9.0',
32 silly addNameRange     '0.10.0',
32 silly addNameRange     '0.11.0',
32 silly addNameRange     '0.11.1',
32 silly addNameRange     '0.12.1',
32 silly addNameRange     '0.13.0',
32 silly addNameRange     '0.14.0',
32 silly addNameRange     '0.15.0',
32 silly addNameRange     '0.16.0',
32 silly addNameRange     '0.17.0',
32 silly addNameRange     '0.17.1',
32 silly addNameRange     '0.18.0',
32 silly addNameRange     '0.19.0',
32 silly addNameRange     '0.19.1',
32 silly addNameRange     '0.19.2',
32 silly addNameRange     '0.20.0',
32 silly addNameRange     '0.20.1',
32 silly addNameRange     '0.21.1',
32 silly addNameRange     '0.22.0',
32 silly addNameRange     '0.22.1',
32 silly addNameRange     '0.23.0',
32 silly addNameRange     '0.23.1',
32 silly addNameRange     '0.23.2',
32 silly addNameRange     '0.23.3',
32 silly addNameRange     '0.24.0',
32 silly addNameRange     '0.25.0',
32 silly addNameRange     '0.26.0',
32 silly addNameRange     '0.27.0',
32 silly addNameRange     '0.27.1',
32 silly addNameRange     '0.28.0',
32 silly addNameRange     '0.29.0',
32 silly addNameRange     '0.30.0',
32 silly addNameRange     '0.40.0',
32 silly addNameRange     '0.50.0',
32 silly addNameRange     '0.51.0',
32 silly addNameRange     '0.52.0',
32 silly addNameRange     '0.53.0',
32 silly addNameRange     '0.54.0',
32 silly addNameRange     '0.55.0',
32 silly addNameRange     '0.56.0',
32 silly addNameRange     '0.57.0',
32 silly addNameRange     '0.58.0',
32 silly addNameRange     '0.59.0',
32 silly addNameRange     '0.60.0',
32 silly addNameRange     '0.61.0',
32 silly addNameRange     '0.63.0',
32 silly addNameRange     '0.64.0',
32 silly addNameRange     '0.65.0',
32 silly addNameRange     '0.65.1',
32 silly addNameRange     '0.66.0' ] ]
33 verbose addNamed [ 'node-telegram-bot-api', '0.66.0' ]
34 verbose addNamed [ '0.66.0', '0.66.0' ]
35 silly lockFile 6af6bc0d-node-telegram-bot-api-0-66-0 node-telegram-bot-api@0.66.0
36 verbose lock node-telegram-bot-api@0.66.0 /root/.npm/6af6bc0d-node-telegram-bot-api-0-66-0.lock
37 silly lockFile 93911973-node-telegram-bot-api-0-66-0-tgz https://registry.npmjs.org/node-telegram-bot-api/-/node-telegram-bot-api-0.66.0.tgz
38 verbose lock https://registry.npmjs.org/node-telegram-bot-api/-/node-telegram-bot-api-0.66.0.tgz /root/.npm/93911973-node-telegram-bot-api-0-66-0-tgz.lock
39 verbose addRemoteTarball [ 'https://registry.npmjs.org/node-telegram-bot-api/-/node-telegram-bot-api-0.66.0.tgz',
39 verbose addRemoteTarball   '9ad27e357b30fd3a89a37365ed95a82a70ac9f94' ]
40 info retry fetch attempt 1 at 01:09:57
41 verbose fetch to= /tmp/npm-31075-kMJB9EFt/registry.npmjs.org/node-telegram-bot-api/-/node-telegram-bot-api-0.66.0.tgz
42 http GET https://registry.npmjs.org/node-telegram-bot-api/-/node-telegram-bot-api-0.66.0.tgz
43 http 200 https://registry.npmjs.org/node-telegram-bot-api/-/node-telegram-bot-api-0.66.0.tgz
44 silly lockFile 93911973-node-telegram-bot-api-0-66-0-tgz https://registry.npmjs.org/node-telegram-bot-api/-/node-telegram-bot-api-0.66.0.tgz
45 silly lockFile 93911973-node-telegram-bot-api-0-66-0-tgz https://registry.npmjs.org/node-telegram-bot-api/-/node-telegram-bot-api-0.66.0.tgz
46 silly lockFile 6af6bc0d-node-telegram-bot-api-0-66-0 node-telegram-bot-api@0.66.0
47 silly lockFile 6af6bc0d-node-telegram-bot-api-0-66-0 node-telegram-bot-api@0.66.0
48 silly lockFile 97e41ab0-node-telegram-bot-api node-telegram-bot-api@
49 silly lockFile 97e41ab0-node-telegram-bot-api node-telegram-bot-api@
50 silly resolved [ { name: 'node-telegram-bot-api',
50 silly resolved     version: '0.66.0',
50 silly resolved     description: 'Telegram Bot API',
50 silly resolved     main: './index.js',
50 silly resolved     directories: { example: 'examples', test: 'test' },
50 silly resolved     keywords: [ 'telegram', 'telegram bot', 'telegram bot api', 'bot' ],
50 silly resolved     scripts:
50 silly resolved      { 'gen-doc': 'echo \'WARNING: `npm run gen-doc` is deprecated. Use `npm run doc` instead.\' && npm run doc',
50 silly resolved        doc: 'jsdoc2md --files src/telegram.js --template doc/api.hbs > doc/api.md',
50 silly resolved        build: 'babel -d ./lib src',
50 silly resolved        prepublishOnly: 'npm run build && npm run gen-doc',
50 silly resolved        eslint: 'eslint ./src ./test ./examples',
50 silly resolved        mocha: 'mocha',
50 silly resolved        pretest: 'npm run build',
50 silly resolved        test: 'npm run eslint && istanbul cover ./node_modules/mocha/bin/_mocha' },
50 silly resolved     author: { name: 'Yago Pérez', email: 'yagoperezs@gmail.com' },
50 silly resolved     license: 'MIT',
50 silly resolved     engines: { node: '>=0.12' },
50 silly resolved     dependencies:
50 silly resolved      { '@cypress/request': '^3.0.1',
50 silly resolved        '@cypress/request-promise': '^5.0.0',
50 silly resolved        'array.prototype.findindex': '^2.0.2',
50 silly resolved        bl: '^1.2.3',
50 silly resolved        debug: '^3.2.7',
50 silly resolved        eventemitter3: '^3.0.0',
50 silly resolved        'file-type': '^3.9.0',
50 silly resolved        mime: '^1.6.0',
50 silly resolved        pump: '^2.0.0' },
50 silly resolved     devDependencies:
50 silly resolved      { 'babel-cli': '^6.26.0',
50 silly resolved        'babel-eslint': '^8.0.3',
50 silly resolved        'babel-plugin-transform-class-properties': '^6.24.1',
50 silly resolved        'babel-plugin-transform-es2015-destructuring': '^6.23.0',
50 silly resolved        'babel-plugin-transform-es2015-parameters': '^6.24.1',
50 silly resolved        'babel-plugin-transform-es2015-shorthand-properties': '^6.24.1',
50 silly resolved        'babel-plugin-transform-es2015-spread': '^6.22.0',
50 silly resolved        'babel-plugin-transform-object-rest-spread': '^6.26.0',
50 silly resolved        'babel-plugin-transform-strict-mode': '^6.24.1',
50 silly resolved        'babel-preset-es2015': '^6.24.1',
50 silly resolved        'babel-register': '^6.26.0',
50 silly resolved        'concat-stream': '^1.6.0',
50 silly resolved        eslint: '^2.13.1',
50 silly resolved        'eslint-config-airbnb': '^6.2.0',
50 silly resolved        'eslint-plugin-mocha': '^4.11.0',
50 silly resolved        is: '^3.2.1',
50 silly resolved        'is-ci': '^1.0.10',
50 silly resolved        istanbul: '^1.1.0-alpha.1',
50 silly resolved        'jsdoc-to-markdown': '^3.0.3',
50 silly resolved        mocha: '^3.5.3',
50 silly resolved        'mocha-lcov-reporter': '^1.3.0',
50 silly resolved        'node-static': '^0.7.10' },
50 silly resolved     repository:
50 silly resolved      { type: 'git',
50 silly resolved        url: 'git+https://github.com/yagop/node-telegram-bot-api.git' },
50 silly resolved     bugs: { url: 'https://github.com/yagop/node-telegram-bot-api/issues' },
50 silly resolved     homepage: 'https://github.com/yagop/node-telegram-bot-api',
50 silly resolved     gitHead: '65ef0a2fcccf96e1823b76654ffc909347f5876b',
50 silly resolved     _id: 'node-telegram-bot-api@0.66.0',
50 silly resolved     _nodeVersion: '19.8.1',
50 silly resolved     _npmVersion: '9.5.1',
50 silly resolved     dist:
50 silly resolved      { integrity: 'sha512-s4Hrg5q+VPl4/tJVG++pImxF6eb8tNJNj4KnDqAOKL6zGU34lo9RXmyAN158njwGN+v8hdNf8s9fWIYW9hPb5A==',
50 silly resolved        shasum: '9ad27e357b30fd3a89a37365ed95a82a70ac9f94',
50 silly resolved        tarball: 'https://registry.npmjs.org/node-telegram-bot-api/-/node-telegram-bot-api-0.66.0.tgz',
50 silly resolved        fileCount: 25,
50 silly resolved        unpackedSize: 513020,
50 silly resolved        signatures: [Object] },
50 silly resolved     _npmUser: { name: 'yagop', email: 'yagoperezs@gmail.com' },
50 silly resolved     maintainers: [ [Object], [Object] ],
50 silly resolved     _npmOperationalInternal:
50 silly resolved      { host: 's3://npm-registry-packages',
50 silly resolved        tmp: 'tmp/node-telegram-bot-api_0.66.0_1716240665858_0.8877437002358852' },
50 silly resolved     _hasShrinkwrap: false,
50 silly resolved     _shasum: '9ad27e357b30fd3a89a37365ed95a82a70ac9f94',
50 silly resolved     _from: 'node-telegram-bot-api@',
50 silly resolved     _resolved: 'https://registry.npmjs.org/node-telegram-bot-api/-/node-telegram-bot-api-0.66.0.tgz' } ]
51 info install node-telegram-bot-api@0.66.0 into /root/p1/telegram_bot
52 info installOne node-telegram-bot-api@0.66.0
53 warn engine node-telegram-bot-api@0.66.0: wanted: {"node":">=0.12"} (current: {"node":"0.10.30","npm":"1.4.21"})
54 verbose node_modules/node-telegram-bot-api unbuild
55 verbose tar unpack /root/.npm/node-telegram-bot-api/0.66.0/package.tgz
56 silly lockFile 1e804f6d-de-modules-node-telegram-bot-api tar:///root/p1/telegram_bot/node_modules/node-telegram-bot-api
57 verbose lock tar:///root/p1/telegram_bot/node_modules/node-telegram-bot-api /root/.npm/1e804f6d-de-modules-node-telegram-bot-api.lock
58 silly lockFile de3b4849-egram-bot-api-0-66-0-package-tgz tar:///root/.npm/node-telegram-bot-api/0.66.0/package.tgz
59 verbose lock tar:///root/.npm/node-telegram-bot-api/0.66.0/package.tgz /root/.npm/de3b4849-egram-bot-api-0-66-0-package-tgz.lock
60 silly gunzTarPerm modes [ '755', '644' ]
61 silly gunzTarPerm extractEntry doc/api.hbs
62 silly gunzTarPerm extractEntry lib/errors.js
63 silly gunzTarPerm extractEntry src/errors.js
64 silly gunzTarPerm extractEntry index.js
65 silly gunzTarPerm extractEntry lib/telegram.js
66 silly gunzTarPerm extractEntry src/telegram.js
67 silly gunzTarPerm extractEntry lib/telegramPolling.js
68 silly gunzTarPerm extractEntry src/telegramPolling.js
69 silly gunzTarPerm extractEntry lib/telegramWebHook.js
70 silly gunzTarPerm extractEntry src/telegramWebHook.js
71 silly gunzTarPerm extractEntry lib/utils.js
72 silly gunzTarPerm extractEntry src/utils.js
73 silly gunzTarPerm extractEntry package.json
74 silly gunzTarPerm extractEntry doc/api.md
75 silly gunzTarPerm extractEntry CHANGELOG.md
76 silly gunzTarPerm extractEntry CODE_OF_CONDUCT.md
77 silly gunzTarPerm extractEntry CONTRIBUTING.md
78 silly gunzTarPerm extractEntry doc/experimental.md
79 silly gunzTarPerm extractEntry doc/help.md
80 silly gunzTarPerm extractEntry .github/ISSUE_TEMPLATE.md
81 silly gunzTarPerm extractEntry LICENSE.md
82 silly gunzTarPerm extractEntry .github/PULL_REQUEST_TEMPLATE.md
83 silly gunzTarPerm extractEntry README.md
84 silly gunzTarPerm extractEntry doc/tutorials.md
85 silly gunzTarPerm extractEntry doc/usage.md
86 silly lockFile 1e804f6d-de-modules-node-telegram-bot-api tar:///root/p1/telegram_bot/node_modules/node-telegram-bot-api
87 silly lockFile 1e804f6d-de-modules-node-telegram-bot-api tar:///root/p1/telegram_bot/node_modules/node-telegram-bot-api
88 silly lockFile de3b4849-egram-bot-api-0-66-0-package-tgz tar:///root/.npm/node-telegram-bot-api/0.66.0/package.tgz
89 silly lockFile de3b4849-egram-bot-api-0-66-0-package-tgz tar:///root/.npm/node-telegram-bot-api/0.66.0/package.tgz
90 info preinstall node-telegram-bot-api@0.66.0
91 verbose readDependencies using package.json deps
92 verbose readDependencies using package.json deps
93 verbose cache add [ 'array.prototype.findindex@^2.0.2', null ]
94 verbose cache add name=undefined spec="array.prototype.findindex@^2.0.2" args=["array.prototype.findindex@^2.0.2",null]
95 verbose parsed url { protocol: null,
95 verbose parsed url   slashes: null,
95 verbose parsed url   auth: null,
95 verbose parsed url   host: null,
95 verbose parsed url   port: null,
95 verbose parsed url   hostname: null,
95 verbose parsed url   hash: null,
95 verbose parsed url   search: null,
95 verbose parsed url   query: null,
95 verbose parsed url   pathname: 'array.prototype.findindex@^2.0.2',
95 verbose parsed url   path: 'array.prototype.findindex@^2.0.2',
95 verbose parsed url   href: 'array.prototype.findindex@^2.0.2' }
96 verbose cache add [ 'bl@^1.2.3', null ]
97 verbose cache add name=undefined spec="bl@^1.2.3" args=["bl@^1.2.3",null]
98 verbose parsed url { protocol: null,
98 verbose parsed url   slashes: null,
98 verbose parsed url   auth: null,
98 verbose parsed url   host: null,
98 verbose parsed url   port: null,
98 verbose parsed url   hostname: null,
98 verbose parsed url   hash: null,
98 verbose parsed url   search: null,
98 verbose parsed url   query: null,
98 verbose parsed url   pathname: 'bl@^1.2.3',
98 verbose parsed url   path: 'bl@^1.2.3',
98 verbose parsed url   href: 'bl@^1.2.3' }
99 verbose cache add [ 'debug@^3.2.7', null ]
100 verbose cache add name=undefined spec="debug@^3.2.7" args=["debug@^3.2.7",null]
101 verbose parsed url { protocol: null,
101 verbose parsed url   slashes: null,
101 verbose parsed url   auth: null,
101 verbose parsed url   host: null,
101 verbose parsed url   port: null,
101 verbose parsed url   hostname: null,
101 verbose parsed url   hash: null,
101 verbose parsed url   search: null,
101 verbose parsed url   query: null,
101 verbose parsed url   pathname: 'debug@^3.2.7',
101 verbose parsed url   path: 'debug@^3.2.7',
101 verbose parsed url   href: 'debug@^3.2.7' }
102 verbose cache add name="array.prototype.findindex" spec="^2.0.2" args=["array.prototype.findindex","^2.0.2"]
103 verbose parsed url { protocol: null,
103 verbose parsed url   slashes: null,
103 verbose parsed url   auth: null,
103 verbose parsed url   host: null,
103 verbose parsed url   port: null,
103 verbose parsed url   hostname: null,
103 verbose parsed url   hash: null,
103 verbose parsed url   search: null,
103 verbose parsed url   query: null,
103 verbose parsed url   pathname: '^2.0.2',
103 verbose parsed url   path: '^2.0.2',
103 verbose parsed url   href: '^2.0.2' }
104 verbose addNamed [ 'array.prototype.findindex', '^2.0.2' ]
105 verbose addNamed [ null, '>=2.0.2-0 <3.0.0-0' ]
106 silly lockFile 22a92283-array-prototype-findindex-2-0-2 array.prototype.findindex@^2.0.2
107 verbose lock array.prototype.findindex@^2.0.2 /root/.npm/22a92283-array-prototype-findindex-2-0-2.lock
108 verbose cache add name="bl" spec="^1.2.3" args=["bl","^1.2.3"]
109 verbose parsed url { protocol: null,
109 verbose parsed url   slashes: null,
109 verbose parsed url   auth: null,
109 verbose parsed url   host: null,
109 verbose parsed url   port: null,
109 verbose parsed url   hostname: null,
109 verbose parsed url   hash: null,
109 verbose parsed url   search: null,
109 verbose parsed url   query: null,
109 verbose parsed url   pathname: '^1.2.3',
109 verbose parsed url   path: '^1.2.3',
109 verbose parsed url   href: '^1.2.3' }
110 verbose addNamed [ 'bl', '^1.2.3' ]
111 verbose addNamed [ null, '>=1.2.3-0 <2.0.0-0' ]
112 silly lockFile fdc1dea9-bl-1-2-3 bl@^1.2.3
113 verbose lock bl@^1.2.3 /root/.npm/fdc1dea9-bl-1-2-3.lock
114 verbose cache add name="debug" spec="^3.2.7" args=["debug","^3.2.7"]
115 verbose parsed url { protocol: null,
115 verbose parsed url   slashes: null,
115 verbose parsed url   auth: null,
115 verbose parsed url   host: null,
115 verbose parsed url   port: null,
115 verbose parsed url   hostname: null,
115 verbose parsed url   hash: null,
115 verbose parsed url   search: null,
115 verbose parsed url   query: null,
115 verbose parsed url   pathname: '^3.2.7',
115 verbose parsed url   path: '^3.2.7',
115 verbose parsed url   href: '^3.2.7' }
116 verbose addNamed [ 'debug', '^3.2.7' ]
117 verbose addNamed [ null, '>=3.2.7-0 <4.0.0-0' ]
118 silly lockFile 39b34562-debug-3-2-7 debug@^3.2.7
119 verbose lock debug@^3.2.7 /root/.npm/39b34562-debug-3-2-7.lock
120 verbose cache add [ 'eventemitter3@^3.0.0', null ]
121 verbose cache add name=undefined spec="eventemitter3@^3.0.0" args=["eventemitter3@^3.0.0",null]
122 verbose parsed url { protocol: null,
122 verbose parsed url   slashes: null,
122 verbose parsed url   auth: null,
122 verbose parsed url   host: null,
122 verbose parsed url   port: null,
122 verbose parsed url   hostname: null,
122 verbose parsed url   hash: null,
122 verbose parsed url   search: null,
122 verbose parsed url   query: null,
122 verbose parsed url   pathname: 'eventemitter3@^3.0.0',
122 verbose parsed url   path: 'eventemitter3@^3.0.0',
122 verbose parsed url   href: 'eventemitter3@^3.0.0' }
123 verbose cache add [ 'file-type@^3.9.0', null ]
124 verbose cache add name=undefined spec="file-type@^3.9.0" args=["file-type@^3.9.0",null]
125 verbose parsed url { protocol: null,
125 verbose parsed url   slashes: null,
125 verbose parsed url   auth: null,
125 verbose parsed url   host: null,
125 verbose parsed url   port: null,
125 verbose parsed url   hostname: null,
125 verbose parsed url   hash: null,
125 verbose parsed url   search: null,
125 verbose parsed url   query: null,
125 verbose parsed url   pathname: 'file-type@^3.9.0',
125 verbose parsed url   path: 'file-type@^3.9.0',
125 verbose parsed url   href: 'file-type@^3.9.0' }
126 verbose cache add name="eventemitter3" spec="^3.0.0" args=["eventemitter3","^3.0.0"]
127 verbose parsed url { protocol: null,
127 verbose parsed url   slashes: null,
127 verbose parsed url   auth: null,
127 verbose parsed url   host: null,
127 verbose parsed url   port: null,
127 verbose parsed url   hostname: null,
127 verbose parsed url   hash: null,
127 verbose parsed url   search: null,
127 verbose parsed url   query: null,
127 verbose parsed url   pathname: '^3.0.0',
127 verbose parsed url   path: '^3.0.0',
127 verbose parsed url   href: '^3.0.0' }
128 verbose addNamed [ 'eventemitter3', '^3.0.0' ]
129 verbose addNamed [ null, '>=3.0.0-0 <4.0.0-0' ]
130 silly lockFile 56e666ff-eventemitter3-3-0-0 eventemitter3@^3.0.0
131 verbose lock eventemitter3@^3.0.0 /root/.npm/56e666ff-eventemitter3-3-0-0.lock
132 verbose cache add name="file-type" spec="^3.9.0" args=["file-type","^3.9.0"]
133 verbose parsed url { protocol: null,
133 verbose parsed url   slashes: null,
133 verbose parsed url   auth: null,
133 verbose parsed url   host: null,
133 verbose parsed url   port: null,
133 verbose parsed url   hostname: null,
133 verbose parsed url   hash: null,
133 verbose parsed url   search: null,
133 verbose parsed url   query: null,
133 verbose parsed url   pathname: '^3.9.0',
133 verbose parsed url   path: '^3.9.0',
133 verbose parsed url   href: '^3.9.0' }
134 verbose addNamed [ 'file-type', '^3.9.0' ]
135 verbose addNamed [ null, '>=3.9.0-0 <4.0.0-0' ]
136 silly lockFile a5ac8f26-file-type-3-9-0 file-type@^3.9.0
137 verbose lock file-type@^3.9.0 /root/.npm/a5ac8f26-file-type-3-9-0.lock
138 verbose cache add [ 'mime@^1.6.0', null ]
139 verbose cache add name=undefined spec="mime@^1.6.0" args=["mime@^1.6.0",null]
140 verbose parsed url { protocol: null,
140 verbose parsed url   slashes: null,
140 verbose parsed url   auth: null,
140 verbose parsed url   host: null,
140 verbose parsed url   port: null,
140 verbose parsed url   hostname: null,
140 verbose parsed url   hash: null,
140 verbose parsed url   search: null,
140 verbose parsed url   query: null,
140 verbose parsed url   pathname: 'mime@^1.6.0',
140 verbose parsed url   path: 'mime@^1.6.0',
140 verbose parsed url   href: 'mime@^1.6.0' }
141 verbose cache add [ 'pump@^2.0.0', null ]
142 verbose cache add name=undefined spec="pump@^2.0.0" args=["pump@^2.0.0",null]
143 verbose parsed url { protocol: null,
143 verbose parsed url   slashes: null,
143 verbose parsed url   auth: null,
143 verbose parsed url   host: null,
143 verbose parsed url   port: null,
143 verbose parsed url   hostname: null,
143 verbose parsed url   hash: null,
143 verbose parsed url   search: null,
143 verbose parsed url   query: null,
143 verbose parsed url   pathname: 'pump@^2.0.0',
143 verbose parsed url   path: 'pump@^2.0.0',
143 verbose parsed url   href: 'pump@^2.0.0' }
144 silly addNameRange { name: 'array.prototype.findindex',
144 silly addNameRange   range: '>=2.0.2-0 <3.0.0-0',
144 silly addNameRange   hasData: false }
145 silly addNameRange { name: 'bl', range: '>=1.2.3-0 <2.0.0-0', hasData: false }
146 verbose cache add name="mime" spec="^1.6.0" args=["mime","^1.6.0"]
147 verbose parsed url { protocol: null,
147 verbose parsed url   slashes: null,
147 verbose parsed url   auth: null,
147 verbose parsed url   host: null,
147 verbose parsed url   port: null,
147 verbose parsed url   hostname: null,
147 verbose parsed url   hash: null,
147 verbose parsed url   search: null,
147 verbose parsed url   query: null,
147 verbose parsed url   pathname: '^1.6.0',
147 verbose parsed url   path: '^1.6.0',
147 verbose parsed url   href: '^1.6.0' }
148 verbose addNamed [ 'mime', '^1.6.0' ]
149 verbose addNamed [ null, '>=1.6.0-0 <2.0.0-0' ]
150 silly lockFile e7d9d12f-mime-1-6-0 mime@^1.6.0
151 verbose lock mime@^1.6.0 /root/.npm/e7d9d12f-mime-1-6-0.lock
152 verbose cache add name="pump" spec="^2.0.0" args=["pump","^2.0.0"]
153 verbose parsed url { protocol: null,
153 verbose parsed url   slashes: null,
153 verbose parsed url   auth: null,
153 verbose parsed url   host: null,
153 verbose parsed url   port: null,
153 verbose parsed url   hostname: null,
153 verbose parsed url   hash: null,
153 verbose parsed url   search: null,
153 verbose parsed url   query: null,
153 verbose parsed url   pathname: '^2.0.0',
153 verbose parsed url   path: '^2.0.0',
153 verbose parsed url   href: '^2.0.0' }
154 verbose addNamed [ 'pump', '^2.0.0' ]
155 verbose addNamed [ null, '>=2.0.0-0 <3.0.0-0' ]
156 silly lockFile f778f2d5-pump-2-0-0 pump@^2.0.0
157 verbose lock pump@^2.0.0 /root/.npm/f778f2d5-pump-2-0-0.lock
158 verbose cache add [ '@cypress/request@^3.0.1', null ]
159 verbose cache add name=undefined spec="@cypress/request@^3.0.1" args=["@cypress/request@^3.0.1",null]
160 verbose parsed url { protocol: null,
160 verbose parsed url   slashes: null,
160 verbose parsed url   auth: null,
160 verbose parsed url   host: null,
160 verbose parsed url   port: null,
160 verbose parsed url   hostname: null,
160 verbose parsed url   hash: null,
160 verbose parsed url   search: null,
160 verbose parsed url   query: null,
160 verbose parsed url   pathname: '@cypress/request@^3.0.1',
160 verbose parsed url   path: '@cypress/request@^3.0.1',
160 verbose parsed url   href: '@cypress/request@^3.0.1' }
161 verbose cache add [ '@cypress/request-promise@^5.0.0', null ]
162 verbose cache add name=undefined spec="@cypress/request-promise@^5.0.0" args=["@cypress/request-promise@^5.0.0",null]
163 verbose parsed url { protocol: null,
163 verbose parsed url   slashes: null,
163 verbose parsed url   auth: null,
163 verbose parsed url   host: null,
163 verbose parsed url   port: null,
163 verbose parsed url   hostname: null,
163 verbose parsed url   hash: null,
163 verbose parsed url   search: null,
163 verbose parsed url   query: null,
163 verbose parsed url   pathname: '@cypress/request-promise@^5.0.0',
163 verbose parsed url   path: '@cypress/request-promise@^5.0.0',
163 verbose parsed url   href: '@cypress/request-promise@^5.0.0' }
164 verbose request where is /array.prototype.findindex
165 verbose request registry https://registry.npmjs.org/
166 verbose url raw /array.prototype.findindex
167 verbose url resolving [ 'https://registry.npmjs.org/', './array.prototype.findindex' ]
168 verbose url resolved https://registry.npmjs.org/array.prototype.findindex
169 verbose request where is https://registry.npmjs.org/array.prototype.findindex
170 info trying registry request attempt 1 at 01:09:58
171 http GET https://registry.npmjs.org/array.prototype.findindex
172 verbose request where is /bl
173 verbose request registry https://registry.npmjs.org/
174 verbose url raw /bl
175 verbose url resolving [ 'https://registry.npmjs.org/', './bl' ]
176 verbose url resolved https://registry.npmjs.org/bl
177 verbose request where is https://registry.npmjs.org/bl
178 info trying registry request attempt 1 at 01:09:58
179 http GET https://registry.npmjs.org/bl
180 silly addNameRange { name: 'debug', range: '>=3.2.7-0 <4.0.0-0', hasData: false }
181 silly addNameRange { name: 'eventemitter3',
181 silly addNameRange   range: '>=3.0.0-0 <4.0.0-0',
181 silly addNameRange   hasData: false }
182 silly addNameRange { name: 'file-type',
182 silly addNameRange   range: '>=3.9.0-0 <4.0.0-0',
182 silly addNameRange   hasData: false }
183 verbose cache add name="" spec="cypress/request@^3.0.1" args=["","cypress/request@^3.0.1"]
184 verbose parsed url { protocol: null,
184 verbose parsed url   slashes: null,
184 verbose parsed url   auth: null,
184 verbose parsed url   host: null,
184 verbose parsed url   port: null,
184 verbose parsed url   hostname: null,
184 verbose parsed url   hash: null,
184 verbose parsed url   search: null,
184 verbose parsed url   query: null,
184 verbose parsed url   pathname: 'cypress/request@^3.0.1',
184 verbose parsed url   path: 'cypress/request@^3.0.1',
184 verbose parsed url   href: 'cypress/request@^3.0.1' }
185 verbose cache add name="" spec="cypress/request-promise@^5.0.0" args=["","cypress/request-promise@^5.0.0"]
186 verbose parsed url { protocol: null,
186 verbose parsed url   slashes: null,
186 verbose parsed url   auth: null,
186 verbose parsed url   host: null,
186 verbose parsed url   port: null,
186 verbose parsed url   hostname: null,
186 verbose parsed url   hash: null,
186 verbose parsed url   search: null,
186 verbose parsed url   query: null,
186 verbose parsed url   pathname: 'cypress/request-promise@^5.0.0',
186 verbose parsed url   path: 'cypress/request-promise@^5.0.0',
186 verbose parsed url   href: 'cypress/request-promise@^5.0.0' }
187 silly addNameRange { name: 'mime', range: '>=1.6.0-0 <2.0.0-0', hasData: false }
188 silly addNameRange { name: 'pump', range: '>=2.0.0-0 <3.0.0-0', hasData: false }
189 verbose request where is /eventemitter3
190 verbose request registry https://registry.npmjs.org/
191 verbose url raw /eventemitter3
192 verbose url resolving [ 'https://registry.npmjs.org/', './eventemitter3' ]
193 verbose url resolved https://registry.npmjs.org/eventemitter3
194 verbose request where is https://registry.npmjs.org/eventemitter3
195 info trying registry request attempt 1 at 01:09:58
196 http GET https://registry.npmjs.org/eventemitter3
197 verbose request where is /file-type
198 verbose request registry https://registry.npmjs.org/
199 verbose url raw /file-type
200 verbose url resolving [ 'https://registry.npmjs.org/', './file-type' ]
201 verbose url resolved https://registry.npmjs.org/file-type
202 verbose request where is https://registry.npmjs.org/file-type
203 info trying registry request attempt 1 at 01:09:58
204 http GET https://registry.npmjs.org/file-type
205 verbose cache add name="cypress/request" spec="^3.0.1" args=["cypress/request","^3.0.1"]
206 verbose parsed url { protocol: null,
206 verbose parsed url   slashes: null,
206 verbose parsed url   auth: null,
206 verbose parsed url   host: null,
206 verbose parsed url   port: null,
206 verbose parsed url   hostname: null,
206 verbose parsed url   hash: null,
206 verbose parsed url   search: null,
206 verbose parsed url   query: null,
206 verbose parsed url   pathname: '^3.0.1',
206 verbose parsed url   path: '^3.0.1',
206 verbose parsed url   href: '^3.0.1' }
207 verbose addNamed [ 'cypress/request', '^3.0.1' ]
208 verbose addNamed [ null, '>=3.0.1-0 <4.0.0-0' ]
209 silly lockFile d19fd7da-cypress-request-3-0-1 cypress/request@^3.0.1
210 verbose lock cypress/request@^3.0.1 /root/.npm/d19fd7da-cypress-request-3-0-1.lock
211 verbose cache add name="cypress/request-promise" spec="^5.0.0" args=["cypress/request-promise","^5.0.0"]
212 verbose parsed url { protocol: null,
212 verbose parsed url   slashes: null,
212 verbose parsed url   auth: null,
212 verbose parsed url   host: null,
212 verbose parsed url   port: null,
212 verbose parsed url   hostname: null,
212 verbose parsed url   hash: null,
212 verbose parsed url   search: null,
212 verbose parsed url   query: null,
212 verbose parsed url   pathname: '^5.0.0',
212 verbose parsed url   path: '^5.0.0',
212 verbose parsed url   href: '^5.0.0' }
213 verbose addNamed [ 'cypress/request-promise', '^5.0.0' ]
214 verbose addNamed [ null, '>=5.0.0-0 <6.0.0-0' ]
215 silly lockFile 9035fff0-cypress-request-promise-5-0-0 cypress/request-promise@^5.0.0
216 verbose lock cypress/request-promise@^5.0.0 /root/.npm/9035fff0-cypress-request-promise-5-0-0.lock
217 verbose request where is /mime
218 verbose request registry https://registry.npmjs.org/
219 verbose url raw /mime
220 verbose url resolving [ 'https://registry.npmjs.org/', './mime' ]
221 verbose url resolved https://registry.npmjs.org/mime
222 verbose request where is https://registry.npmjs.org/mime
223 info trying registry request attempt 1 at 01:09:58
224 http GET https://registry.npmjs.org/mime
225 verbose request where is /pump
226 verbose request registry https://registry.npmjs.org/
227 verbose url raw /pump
228 verbose url resolving [ 'https://registry.npmjs.org/', './pump' ]
229 verbose url resolved https://registry.npmjs.org/pump
230 verbose request where is https://registry.npmjs.org/pump
231 info trying registry request attempt 1 at 01:09:58
232 http GET https://registry.npmjs.org/pump
233 silly addNameRange { name: 'cypress/request',
233 silly addNameRange   range: '>=3.0.1-0 <4.0.0-0',
233 silly addNameRange   hasData: false }
234 silly addNameRange { name: 'cypress/request-promise',
234 silly addNameRange   range: '>=5.0.0-0 <6.0.0-0',
234 silly addNameRange   hasData: false }
235 verbose request where is /cypress/request
236 verbose request registry https://registry.npmjs.org/
237 verbose url raw /cypress/request
238 verbose url resolving [ 'https://registry.npmjs.org/', './cypress/request' ]
239 verbose url resolved https://registry.npmjs.org/cypress/request
240 verbose request where is https://registry.npmjs.org/cypress/request
241 info trying registry request attempt 1 at 01:09:58
242 http GET https://registry.npmjs.org/cypress/request
243 verbose request where is /cypress/request-promise
244 verbose request registry https://registry.npmjs.org/
245 verbose url raw /cypress/request-promise
246 verbose url resolving [ 'https://registry.npmjs.org/', './cypress/request-promise' ]
247 verbose url resolved https://registry.npmjs.org/cypress/request-promise
248 verbose request where is https://registry.npmjs.org/cypress/request-promise
249 info trying registry request attempt 1 at 01:09:58
250 http GET https://registry.npmjs.org/cypress/request-promise
251 verbose request where is /debug
252 verbose request registry https://registry.npmjs.org/
253 verbose url raw /debug
254 verbose url resolving [ 'https://registry.npmjs.org/', './debug' ]
255 verbose url resolved https://registry.npmjs.org/debug
256 verbose request where is https://registry.npmjs.org/debug
257 info trying registry request attempt 1 at 01:09:58
258 verbose etag W/"8edfbbc3ee7c3e82d538bd584e1cfecf"
259 http GET https://registry.npmjs.org/debug
260 http 200 https://registry.npmjs.org/array.prototype.findindex
261 silly registry.get cb [ 200,
261 silly registry.get   { date: 'Fri, 01 Aug 2025 22:09:58 GMT',
261 silly registry.get     'content-type': 'application/json',
261 silly registry.get     'transfer-encoding': 'chunked',
261 silly registry.get     connection: 'keep-alive',
261 silly registry.get     'cf-ray': '9688a9b3eebfeebb-WAW',
261 silly registry.get     'cf-cache-status': 'HIT',
261 silly registry.get     'access-control-allow-origin': '*',
261 silly registry.get     age: '140',
261 silly registry.get     'cache-control': 'public, max-age=300',
261 silly registry.get     etag: 'W/"ca49c9a813a3d71f65dd372d279a6877"',
261 silly registry.get     'last-modified': 'Tue, 17 Dec 2024 21:58:14 GMT',
261 silly registry.get     vary: 'accept-encoding, accept',
261 silly registry.get     'set-cookie': [ '_cfuvid=W_5XpPgy10z3DmGv_4I80I6QE62MEL215GiKc8yhCsc-1754086198409-0.0.1.1-604800000; path=/; domain=.npmjs.org; HttpOnly; Secure; SameSite=None' ],
261 silly registry.get     server: 'cloudflare',
261 silly registry.get     'content-encoding': 'gzip' } ]
262 http 200 https://registry.npmjs.org/mime
263 silly registry.get cb [ 200,
263 silly registry.get   { date: 'Fri, 01 Aug 2025 22:09:58 GMT',
263 silly registry.get     'content-type': 'application/json',
263 silly registry.get     'transfer-encoding': 'chunked',
263 silly registry.get     connection: 'keep-alive',
263 silly registry.get     'cf-ray': '9688a9b3fd2def8d-WAW',
263 silly registry.get     'cf-cache-status': 'HIT',
263 silly registry.get     'access-control-allow-origin': '*',
263 silly registry.get     age: '105',
263 silly registry.get     'cache-control': 'public, max-age=300',
263 silly registry.get     etag: 'W/"227d720d2250c49bddcca72c92728257"',
263 silly registry.get     'last-modified': 'Thu, 03 Apr 2025 14:31:48 GMT',
263 silly registry.get     vary: 'accept-encoding, accept',
263 silly registry.get     'set-cookie': [ '_cfuvid=CWZkafVEwPycYK1RgpsQXYtGx4xYBUQPREi8ypurwVI-1754086198424-0.0.1.1-604800000; path=/; domain=.npmjs.org; HttpOnly; Secure; SameSite=None' ],
263 silly registry.get     server: 'cloudflare',
263 silly registry.get     'content-encoding': 'gzip' } ]
264 silly addNameRange number 2 { name: 'array.prototype.findindex',
264 silly addNameRange   range: '>=2.0.2-0 <3.0.0-0',
264 silly addNameRange   hasData: true }
265 silly addNameRange versions [ 'array.prototype.findindex',
265 silly addNameRange   [ '0.1.0',
265 silly addNameRange     '0.1.1',
265 silly addNameRange     '1.0.0',
265 silly addNameRange     '2.0.0',
265 silly addNameRange     '2.0.1',
265 silly addNameRange     '2.0.2',
265 silly addNameRange     '2.1.0',
265 silly addNameRange     '2.1.1',
265 silly addNameRange     '2.2.0',
265 silly addNameRange     '2.2.1',
265 silly addNameRange     '2.2.2',
265 silly addNameRange     '2.2.3',
265 silly addNameRange     '2.2.4' ] ]
266 verbose addNamed [ 'array.prototype.findindex', '2.2.4' ]
267 verbose addNamed [ '2.2.4', '2.2.4' ]
268 silly lockFile c209de5c-array-prototype-findindex-2-2-4 array.prototype.findindex@2.2.4
269 verbose lock array.prototype.findindex@2.2.4 /root/.npm/c209de5c-array-prototype-findindex-2-2-4.lock
270 http 200 https://registry.npmjs.org/bl
271 silly registry.get cb [ 200,
271 silly registry.get   { date: 'Fri, 01 Aug 2025 22:09:58 GMT',
271 silly registry.get     'content-type': 'application/json',
271 silly registry.get     'transfer-encoding': 'chunked',
271 silly registry.get     connection: 'keep-alive',
271 silly registry.get     'cf-ray': '9688a9b3eff2da8c-WAW',
271 silly registry.get     'cf-cache-status': 'HIT',
271 silly registry.get     'access-control-allow-origin': '*',
271 silly registry.get     age: '139',
271 silly registry.get     'cache-control': 'public, max-age=300',
271 silly registry.get     etag: 'W/"d9d83ad802180d781b930656ab91c595"',
271 silly registry.get     'last-modified': 'Fri, 01 Aug 2025 06:59:33 GMT',
271 silly registry.get     vary: 'accept-encoding, accept',
271 silly registry.get     'set-cookie': [ '_cfuvid=w5R93Urz.bU_7M5WrjIPHB4h9L.cnM9dlm7XGcprNhg-1754086198399-0.0.1.1-604800000; path=/; domain=.npmjs.org; HttpOnly; Secure; SameSite=None' ],
271 silly registry.get     server: 'cloudflare',
271 silly registry.get     'content-encoding': 'gzip' } ]
272 http 304 https://registry.npmjs.org/debug
273 silly registry.get cb [ 304,
273 silly registry.get   { date: 'Fri, 01 Aug 2025 22:09:58 GMT',
273 silly registry.get     connection: 'keep-alive',
273 silly registry.get     'cf-ray': '9688a9b44dd7ef8d-WAW',
273 silly registry.get     'cf-cache-status': 'HIT',
273 silly registry.get     'access-control-allow-origin': '*',
273 silly registry.get     age: '58',
273 silly registry.get     'cache-control': 'public, max-age=300',
273 silly registry.get     etag: '"8edfbbc3ee7c3e82d538bd584e1cfecf"',
273 silly registry.get     'last-modified': 'Tue, 13 May 2025 20:56:38 GMT',
273 silly registry.get     vary: 'Accept-Encoding',
273 silly registry.get     'set-cookie': [ '_cfuvid=V6uW9qm5RRhFQ2r1r1k22vbf09qFWNwBpxXn3hDWTT8-1754086198462-0.0.1.1-604800000; path=/; domain=.npmjs.org; HttpOnly; Secure; SameSite=None' ],
273 silly registry.get     server: 'cloudflare' } ]
274 verbose etag https://registry.npmjs.org/debug from cache
275 silly lockFile de8ee682-ay-prototype-findindex-2-2-4-tgz https://registry.npmjs.org/array.prototype.findindex/-/array.prototype.findindex-2.2.4.tgz
276 verbose lock https://registry.npmjs.org/array.prototype.findindex/-/array.prototype.findindex-2.2.4.tgz /root/.npm/de8ee682-ay-prototype-findindex-2-2-4-tgz.lock
277 verbose addRemoteTarball [ 'https://registry.npmjs.org/array.prototype.findindex/-/array.prototype.findindex-2.2.4.tgz',
277 verbose addRemoteTarball   '63aff05df18effa990c367bfad06b71f7bd113f9' ]
278 http 200 https://registry.npmjs.org/pump
279 silly registry.get cb [ 200,
279 silly registry.get   { date: 'Fri, 01 Aug 2025 22:09:58 GMT',
279 silly registry.get     'content-type': 'application/json',
279 silly registry.get     'transfer-encoding': 'chunked',
279 silly registry.get     connection: 'keep-alive',
279 silly registry.get     'cf-ray': '9688a9b43f78eebb-WAW',
279 silly registry.get     'cf-cache-status': 'HIT',
279 silly registry.get     'access-control-allow-origin': '*',
279 silly registry.get     age: '186',
279 silly registry.get     'cache-control': 'public, max-age=300',
279 silly registry.get     etag: 'W/"e18853ed6652e5d423b5c343ac411cab"',
279 silly registry.get     'last-modified': 'Mon, 16 Jun 2025 09:16:01 GMT',
279 silly registry.get     vary: 'accept-encoding, accept',
279 silly registry.get     'set-cookie': [ '_cfuvid=iOvFvL9VLlsuD0CW26SlNfgAGOop7ohPZ0HLwRDmrKg-1754086198458-0.0.1.1-604800000; path=/; domain=.npmjs.org; HttpOnly; Secure; SameSite=None' ],
279 silly registry.get     server: 'cloudflare',
279 silly registry.get     'content-encoding': 'gzip' } ]
280 http 200 https://registry.npmjs.org/eventemitter3
281 silly registry.get cb [ 200,
281 silly registry.get   { date: 'Fri, 01 Aug 2025 22:09:58 GMT',
281 silly registry.get     'content-type': 'application/json',
281 silly registry.get     'transfer-encoding': 'chunked',
281 silly registry.get     connection: 'keep-alive',
281 silly registry.get     'cf-ray': '9688a9b3fe935411-WAW',
281 silly registry.get     'cf-cache-status': 'HIT',
281 silly registry.get     'access-control-allow-origin': '*',
281 silly registry.get     'cache-control': 'public, max-age=300',
281 silly registry.get     etag: 'W/"114075cbfd737b5770e42d1010659889"',
281 silly registry.get     'last-modified': 'Sun, 30 Apr 2023 19:49:15 GMT',
281 silly registry.get     vary: 'accept-encoding, accept',
281 silly registry.get     'set-cookie': [ '_cfuvid=1Z6I1QOa.ifw47aota.fqIOEoVZecDbQ7htLK.Qccgk-1754086198442-0.0.1.1-604800000; path=/; domain=.npmjs.org; HttpOnly; Secure; SameSite=None' ],
281 silly registry.get     server: 'cloudflare',
281 silly registry.get     'content-encoding': 'gzip' } ]
282 silly addNameRange number 2 { name: 'mime', range: '>=1.6.0-0 <2.0.0-0', hasData: true }
283 silly addNameRange versions [ 'mime',
283 silly addNameRange   [ '1.0.0',
283 silly addNameRange     '1.1.0',
283 silly addNameRange     '1.2.1',
283 silly addNameRange     '1.2.2',
283 silly addNameRange     '1.2.3',
283 silly addNameRange     '1.2.4',
283 silly addNameRange     '1.2.5',
283 silly addNameRange     '1.2.6',
283 silly addNameRange     '1.2.7',
283 silly addNameRange     '1.2.8',
283 silly addNameRange     '1.2.9',
283 silly addNameRange     '1.2.10',
283 silly addNameRange     '1.2.11',
283 silly addNameRange     '1.3.0',
283 silly addNameRange     '1.3.2',
283 silly addNameRange     '1.3.3',
283 silly addNameRange     '1.3.4',
283 silly addNameRange     '1.3.5',
283 silly addNameRange     '1.3.6',
283 silly addNameRange     '1.4.0',
283 silly addNameRange     '2.0.0',
283 silly addNameRange     '2.0.1',
283 silly addNameRange     '2.0.2',
283 silly addNameRange     '1.4.1',
283 silly addNameRange     '2.0.3',
283 silly addNameRange     '1.5.0',
283 silly addNameRange     '1.6.0',
283 silly addNameRange     '2.0.5',
283 silly addNameRange     '2.1.0',
283 silly addNameRange     '2.2.0',
283 silly addNameRange     '2.2.1',
283 silly addNameRange     '2.2.2',
283 silly addNameRange     '2.3.0',
283 silly addNameRange     '2.3.1',
283 silly addNameRange     '2.4.0',
283 silly addNameRange     '2.4.1',
283 silly addNameRange     '2.4.2',
283 silly addNameRange     '2.4.3',
283 silly addNameRange     '2.4.4',
283 silly addNameRange     '2.4.5',
283 silly addNameRange     '2.4.6',
283 silly addNameRange     '2.4.7',
283 silly addNameRange     '2.5.0',
283 silly addNameRange     '2.5.2',
283 silly addNameRange     '2.6.0',
283 silly addNameRange     '3.0.0',
283 silly addNameRange     '4.0.0-beta.0',
283 silly addNameRange     '4.0.0-beta.1',
283 silly addNameRange     '4.0.0',
283 silly addNameRange     '4.0.1',
283 silly addNameRange     '4.0.2',
283 silly addNameRange     '4.0.3',
283 silly addNameRange     '4.0.4',
283 silly addNameRange     '4.0.5',
283 silly addNameRange     '4.0.6',
283 silly addNameRange     '4.0.7' ] ]
284 verbose addNamed [ 'mime', '1.6.0' ]
285 verbose addNamed [ '1.6.0', '1.6.0' ]
286 silly lockFile a92100f5-mime-1-6-0 mime@1.6.0
287 verbose lock mime@1.6.0 /root/.npm/a92100f5-mime-1-6-0.lock
288 info retry fetch attempt 1 at 01:09:58
289 verbose fetch to= /tmp/npm-31075-kMJB9EFt/registry.npmjs.org/array.prototype.findindex/-/array.prototype.findindex-2.2.4.tgz
290 silly addNameRange number 2 { name: 'bl', range: '>=1.2.3-0 <2.0.0-0', hasData: true }
291 silly addNameRange versions [ 'bl',
291 silly addNameRange   [ '0.0.0',
291 silly addNameRange     '0.1.0',
291 silly addNameRange     '0.1.1',
291 silly addNameRange     '0.2.0',
291 silly addNameRange     '0.3.0',
291 silly addNameRange     '0.4.0',
291 silly addNameRange     '0.4.1',
291 silly addNameRange     '0.4.2',
291 silly addNameRange     '0.5.0',
291 silly addNameRange     '0.6.0',
291 silly addNameRange     '0.7.0',
291 silly addNameRange     '0.8.0',
291 silly addNameRange     '0.8.1',
291 silly addNameRange     '0.8.2',
291 silly addNameRange     '0.9.0',
291 silly addNameRange     '0.9.1',
291 silly addNameRange     '0.9.2',
291 silly addNameRange     '0.9.3',
291 silly addNameRange     '0.9.4',
291 silly addNameRange     '1.0.0',
291 silly addNameRange     '1.0.1',
291 silly addNameRange     '0.9.5',
291 silly addNameRange     '1.0.2',
291 silly addNameRange     '1.0.3',
291 silly addNameRange     '1.1.1',
291 silly addNameRange     '1.1.2',
291 silly addNameRange     '1.2.0',
291 silly addNameRange     '1.2.1',
291 silly addNameRange     '1.2.2',
291 silly addNameRange     '2.0.0',
291 silly addNameRange     '2.0.1',
291 silly addNameRange     '2.1.0',
291 silly addNameRange     '2.1.1',
291 silly addNameRange     '2.1.2',
291 silly addNameRange     '2.2.0',
291 silly addNameRange     '3.0.0',
291 silly addNameRange     '4.0.0',
291 silly addNameRange     '4.0.1',
291 silly addNameRange     '4.0.2',
291 silly addNameRange     '4.0.3',
291 silly addNameRange     '3.0.1',
291 silly addNameRange     '2.2.1',
291 silly addNameRange     '1.2.3',
291 silly addNameRange     '4.0.4',
291 silly addNameRange     '4.1.0',
291 silly addNameRange     '5.0.0',
291 silly addNameRange     '5.1.0',
291 silly addNameRange     '6.0.0',
291 silly addNameRange     '6.0.1',
291 silly addNameRange     '6.0.2',
291 silly addNameRange     '6.0.3',
291 silly addNameRange     '6.0.4',
291 silly addNameRange     '6.0.5',
291 silly addNameRange     '6.0.6',
291 silly addNameRange     '6.0.7',
291 silly addNameRange     '6.0.8',
291 silly addNameRange     '6.0.9',
291 silly addNameRange     '6.0.10',
291 silly addNameRange     '6.0.11',
291 silly addNameRange     '6.0.12',
291 silly addNameRange     '6.0.13',
291 silly addNameRange     '6.0.14',
291 silly addNameRange     '6.0.15',
291 silly addNameRange     '6.0.16',
291 silly addNameRange     '6.0.17',
291 silly addNameRange     '6.0.18',
291 silly addNameRange     '6.0.19',
291 silly addNameRange     '6.0.20',
291 silly addNameRange     '6.1.0',
291 silly addNameRange     '6.1.1' ] ]
292 verbose addNamed [ 'bl', '1.2.3' ]
293 verbose addNamed [ '1.2.3', '1.2.3' ]
294 silly lockFile a1740c19-bl-1-2-3 bl@1.2.3
295 verbose lock bl@1.2.3 /root/.npm/a1740c19-bl-1-2-3.lock
296 silly addNameRange number 2 { name: 'debug', range: '>=3.2.7-0 <4.0.0-0', hasData: true }
297 silly addNameRange versions [ 'debug',
297 silly addNameRange   [ '0.0.1',
297 silly addNameRange     '0.1.0',
297 silly addNameRange     '0.2.0',
297 silly addNameRange     '0.3.0',
297 silly addNameRange     '0.4.0',
297 silly addNameRange     '0.4.1',
297 silly addNameRange     '0.5.0',
297 silly addNameRange     '0.6.0',
297 silly addNameRange     '0.7.0',
297 silly addNameRange     '0.7.1',
297 silly addNameRange     '0.7.2',
297 silly addNameRange     '0.7.3',
297 silly addNameRange     '0.7.4',
297 silly addNameRange     '0.8.0',
297 silly addNameRange     '0.8.1',
297 silly addNameRange     '1.0.0',
297 silly addNameRange     '1.0.1',
297 silly addNameRange     '1.0.2',
297 silly addNameRange     '1.0.3',
297 silly addNameRange     '1.0.4',
297 silly addNameRange     '2.0.0',
297 silly addNameRange     '2.1.0',
297 silly addNameRange     '2.1.1',
297 silly addNameRange     '2.1.2',
297 silly addNameRange     '2.1.3',
297 silly addNameRange     '2.2.0',
297 silly addNameRange     '2.3.0',
297 silly addNameRange     '2.3.1',
297 silly addNameRange     '2.3.2',
297 silly addNameRange     '2.3.3',
297 silly addNameRange     '2.4.0',
297 silly addNameRange     '2.4.1',
297 silly addNameRange     '2.4.2',
297 silly addNameRange     '2.4.3',
297 silly addNameRange     '2.4.4',
297 silly addNameRange     '2.4.5',
297 silly addNameRange     '2.5.0',
297 silly addNameRange     '2.5.1',
297 silly addNameRange     '2.5.2',
297 silly addNameRange     '2.6.0',
297 silly addNameRange     '2.6.1',
297 silly addNameRange     '2.6.2',
297 silly addNameRange     '2.6.3',
297 silly addNameRange     '2.6.4',
297 silly addNameRange     '2.6.5',
297 silly addNameRange     '2.6.6',
297 silly addNameRange     '2.6.7',
297 silly addNameRange     '2.6.8',
297 silly addNameRange     '1.0.5',
297 silly addNameRange     '3.0.0',
297 silly addNameRange     '3.0.1',
297 silly addNameRange     '2.6.9',
297 silly addNameRange     '3.1.0',
297 silly addNameRange     '3.2.0',
297 silly addNameRange     '3.2.1',
297 silly addNameRange     '3.2.2',
297 silly addNameRange     '3.2.3',
297 silly addNameRange     '4.0.0',
297 silly addNameRange     '3.2.4',
297 silly addNameRange     '3.2.5',
297 silly addNameRange     '4.0.1',
297 silly addNameRange     '4.1.0',
297 silly addNameRange     '3.2.6',
297 silly addNameRange     '4.1.1',
297 silly addNameRange     '4.2.0',
297 silly addNameRange     '4.3.0',
297 silly addNameRange     '4.3.1',
297 silly addNameRange     '3.2.7',
297 silly addNameRange     '4.3.2',
297 silly addNameRange     '4.3.3',
297 silly addNameRange     '4.3.4',
297 silly addNameRange     '4.3.5',
297 silly addNameRange     '4.3.6',
297 silly addNameRange     '4.3.7',
297 silly addNameRange     '4.4.0',
297 silly addNameRange     '4.4.1' ] ]
298 verbose addNamed [ 'debug', '3.2.7' ]
299 verbose addNamed [ '3.2.7', '3.2.7' ]
300 silly lockFile 53673504-debug-3-2-7 debug@3.2.7
301 verbose lock debug@3.2.7 /root/.npm/53673504-debug-3-2-7.lock
302 http GET https://registry.npmjs.org/array.prototype.findindex/-/array.prototype.findindex-2.2.4.tgz
303 silly lockFile 3871ba61-ry-npmjs-org-mime-mime-1-6-0-tgz https://registry.npmjs.org/mime/-/mime-1.6.0.tgz
304 verbose lock https://registry.npmjs.org/mime/-/mime-1.6.0.tgz /root/.npm/3871ba61-ry-npmjs-org-mime-mime-1-6-0-tgz.lock
305 silly lockFile 210bf7db-gistry-npmjs-org-bl-bl-1-2-3-tgz https://registry.npmjs.org/bl/-/bl-1.2.3.tgz
306 verbose lock https://registry.npmjs.org/bl/-/bl-1.2.3.tgz /root/.npm/210bf7db-gistry-npmjs-org-bl-bl-1-2-3-tgz.lock
307 silly lockFile d0eb5757--npmjs-org-debug-debug-3-2-7-tgz https://registry.npmjs.org/debug/-/debug-3.2.7.tgz
308 verbose lock https://registry.npmjs.org/debug/-/debug-3.2.7.tgz /root/.npm/d0eb5757--npmjs-org-debug-debug-3-2-7-tgz.lock
309 verbose addRemoteTarball [ 'https://registry.npmjs.org/mime/-/mime-1.6.0.tgz',
309 verbose addRemoteTarball   '32cd9e5c64553bd58d19a568af452acff04981b1' ]
310 verbose addRemoteTarball [ 'https://registry.npmjs.org/bl/-/bl-1.2.3.tgz',
310 verbose addRemoteTarball   '1e8dd80142eac80d7158c9dccc047fb620e035e7' ]
311 silly addNameRange number 2 { name: 'pump', range: '>=2.0.0-0 <3.0.0-0', hasData: true }
312 silly addNameRange versions [ 'pump',
312 silly addNameRange   [ '0.1.0',
312 silly addNameRange     '0.1.1',
312 silly addNameRange     '0.1.2',
312 silly addNameRange     '0.1.3',
312 silly addNameRange     '0.1.4',
312 silly addNameRange     '0.1.5',
312 silly addNameRange     '0.1.6',
312 silly addNameRange     '0.1.7',
312 silly addNameRange     '0.2.0',
312 silly addNameRange     '0.2.1',
312 silly addNameRange     '0.2.2',
312 silly addNameRange     '0.2.3',
312 silly addNameRange     '0.3.0',
312 silly addNameRange     '0.3.1',
312 silly addNameRange     '0.3.2',
312 silly addNameRange     '0.3.3',
312 silly addNameRange     '0.3.4',
312 silly addNameRange     '0.3.5',
312 silly addNameRange     '1.0.0',
312 silly addNameRange     '1.0.1',
312 silly addNameRange     '1.0.2',
312 silly addNameRange     '1.0.3',
312 silly addNameRange     '2.0.0',
312 silly addNameRange     '2.0.1',
312 silly addNameRange     '3.0.0',
312 silly addNameRange     '3.0.1',
312 silly addNameRange     '3.0.2',
312 silly addNameRange     '3.0.3' ] ]
313 verbose addNamed [ 'pump', '2.0.1' ]
314 verbose addNamed [ '2.0.1', '2.0.1' ]
315 silly lockFile 02ec28e3-pump-2-0-1 pump@2.0.1
316 verbose lock pump@2.0.1 /root/.npm/02ec28e3-pump-2-0-1.lock
317 verbose addRemoteTarball [ 'https://registry.npmjs.org/debug/-/debug-3.2.7.tgz',
317 verbose addRemoteTarball   '72580b7e9145fb39b6676f9c5e5fb100b934179a' ]
318 silly addNameRange number 2 { name: 'eventemitter3',
318 silly addNameRange   range: '>=3.0.0-0 <4.0.0-0',
318 silly addNameRange   hasData: true }
319 silly addNameRange versions [ 'eventemitter3',
319 silly addNameRange   [ '0.0.0',
319 silly addNameRange     '0.0.1',
319 silly addNameRange     '0.1.0',
319 silly addNameRange     '0.1.1',
319 silly addNameRange     '0.1.2',
319 silly addNameRange     '0.1.3',
319 silly addNameRange     '0.1.4',
319 silly addNameRange     '0.1.5',
319 silly addNameRange     '0.1.6',
319 silly addNameRange     '1.0.0',
319 silly addNameRange     '1.0.1',
319 silly addNameRange     '1.0.2',
319 silly addNameRange     '1.0.3',
319 silly addNameRange     '1.1.0',
319 silly addNameRange     '1.1.1',
319 silly addNameRange     '1.2.0',
319 silly addNameRange     '2.0.0',
319 silly addNameRange     '2.0.1',
319 silly addNameRange     '2.0.2',
319 silly addNameRange     '2.0.3',
319 silly addNameRange     '3.0.0',
319 silly addNameRange     '3.0.1',
319 silly addNameRange     '3.1.0',
319 silly addNameRange     '3.1.1',
319 silly addNameRange     '3.1.2',
319 silly addNameRange     '4.0.0',
319 silly addNameRange     '4.0.1',
319 silly addNameRange     '4.0.2',
319 silly addNameRange     '4.0.3',
319 silly addNameRange     '4.0.4',
319 silly addNameRange     '4.0.5',
319 silly addNameRange     '4.0.6',
319 silly addNameRange     '4.0.7',
319 silly addNameRange     '5.0.0',
319 silly addNameRange     '5.0.1' ] ]
320 verbose addNamed [ 'eventemitter3', '3.1.2' ]
321 verbose addNamed [ '3.1.2', '3.1.2' ]
322 silly lockFile 07408bbf-eventemitter3-3-1-2 eventemitter3@3.1.2
323 verbose lock eventemitter3@3.1.2 /root/.npm/07408bbf-eventemitter3-3-1-2.lock
324 info retry fetch attempt 1 at 01:09:58
325 verbose fetch to= /tmp/npm-31075-kMJB9EFt/registry.npmjs.org/mime/-/mime-1.6.0.tgz
326 info retry fetch attempt 1 at 01:09:58
327 verbose fetch to= /tmp/npm-31075-kMJB9EFt/registry.npmjs.org/bl/-/bl-1.2.3.tgz
328 silly lockFile c2c6794b-ry-npmjs-org-pump-pump-2-0-1-tgz https://registry.npmjs.org/pump/-/pump-2.0.1.tgz
329 verbose lock https://registry.npmjs.org/pump/-/pump-2.0.1.tgz /root/.npm/c2c6794b-ry-npmjs-org-pump-pump-2-0-1-tgz.lock
330 info retry fetch attempt 1 at 01:09:58
331 verbose fetch to= /tmp/npm-31075-kMJB9EFt/registry.npmjs.org/debug/-/debug-3.2.7.tgz
332 http GET https://registry.npmjs.org/mime/-/mime-1.6.0.tgz
333 silly lockFile a0fe42e0-emitter3-eventemitter3-3-1-2-tgz https://registry.npmjs.org/eventemitter3/-/eventemitter3-3.1.2.tgz
334 verbose lock https://registry.npmjs.org/eventemitter3/-/eventemitter3-3.1.2.tgz /root/.npm/a0fe42e0-emitter3-eventemitter3-3-1-2-tgz.lock
335 http GET https://registry.npmjs.org/bl/-/bl-1.2.3.tgz
336 verbose addRemoteTarball [ 'https://registry.npmjs.org/pump/-/pump-2.0.1.tgz',
336 verbose addRemoteTarball   '12399add6e4cf7526d973cbc8b5ce2e2908b3909' ]
337 http GET https://registry.npmjs.org/debug/-/debug-3.2.7.tgz
338 verbose addRemoteTarball [ 'https://registry.npmjs.org/eventemitter3/-/eventemitter3-3.1.2.tgz',
338 verbose addRemoteTarball   '2d3d48f9c346698fce83a85d7d664e98535df6e7' ]
339 info retry fetch attempt 1 at 01:09:58
340 verbose fetch to= /tmp/npm-31075-kMJB9EFt/registry.npmjs.org/pump/-/pump-2.0.1.tgz
341 info retry fetch attempt 1 at 01:09:58
342 verbose fetch to= /tmp/npm-31075-kMJB9EFt/registry.npmjs.org/eventemitter3/-/eventemitter3-3.1.2.tgz
343 http 200 https://registry.npmjs.org/file-type
344 silly registry.get cb [ 200,
344 silly registry.get   { date: 'Fri, 01 Aug 2025 22:09:58 GMT',
344 silly registry.get     'content-type': 'application/json',
344 silly registry.get     'transfer-encoding': 'chunked',
344 silly registry.get     connection: 'keep-alive',
344 silly registry.get     'cf-ray': '9688a9b3ebda689e-WAW',
344 silly registry.get     'cf-cache-status': 'HIT',
344 silly registry.get     'access-control-allow-origin': '*',
344 silly registry.get     age: '140',
344 silly registry.get     'cache-control': 'public, max-age=300',
344 silly registry.get     etag: 'W/"9d361e6ece14ae4872fc8aabebb3c883"',
344 silly registry.get     'last-modified': 'Fri, 23 May 2025 11:52:23 GMT',
344 silly registry.get     vary: 'accept-encoding, accept',
344 silly registry.get     'set-cookie': [ '_cfuvid=5JINpmr0bC.d_4J90j7iUfOs0q_iTfNu0IZ_GG6D03g-1754086198404-0.0.1.1-604800000; path=/; domain=.npmjs.org; HttpOnly; Secure; SameSite=None' ],
344 silly registry.get     server: 'cloudflare',
344 silly registry.get     'content-encoding': 'gzip' } ]
345 http GET https://registry.npmjs.org/pump/-/pump-2.0.1.tgz
346 http 404 https://registry.npmjs.org/cypress/request-promise
347 silly registry.get cb [ 404,
347 silly registry.get   { date: 'Fri, 01 Aug 2025 22:09:58 GMT',
347 silly registry.get     'content-type': 'application/json',
347 silly registry.get     'content-length': '36',
347 silly registry.get     connection: 'keep-alive',
347 silly registry.get     'cf-ray': '9688a9b44c79689e-WAW',
347 silly registry.get     'access-control-allow-origin': '*',
347 silly registry.get     vary: 'Accept-Encoding',
347 silly registry.get     'set-cookie': [ '_cfuvid=3rduUp3GYT9.vbkeBBA9DdJdlPUxATtwWBkuVM1DAj0-1754086198700-0.0.1.1-604800000; path=/; domain=.npmjs.org; HttpOnly; Secure; SameSite=None' ],
347 silly registry.get     server: 'cloudflare' } ]
348 http 404 https://registry.npmjs.org/cypress/request
349 silly registry.get cb [ 404,
349 silly registry.get   { date: 'Fri, 01 Aug 2025 22:09:58 GMT',
349 silly registry.get     'content-type': 'application/json',
349 silly registry.get     'content-length': '28',
349 silly registry.get     connection: 'keep-alive',
349 silly registry.get     'cf-ray': '9688a9b4388eda8c-WAW',
349 silly registry.get     'access-control-allow-origin': '*',
349 silly registry.get     vary: 'Accept-Encoding',
349 silly registry.get     'set-cookie': [ '_cfuvid=WbNzDtwarvI5gVdrcp.hGKDq5W1D6aRCuFF.r2HgKlw-1754086198707-0.0.1.1-604800000; path=/; domain=.npmjs.org; HttpOnly; Secure; SameSite=None' ],
349 silly registry.get     server: 'cloudflare' } ]
350 http GET https://registry.npmjs.org/eventemitter3/-/eventemitter3-3.1.2.tgz
351 silly addNameRange number 2 { name: 'file-type', range: '>=3.9.0-0 <4.0.0-0', hasData: true }
352 silly addNameRange versions [ 'file-type',
352 silly addNameRange   [ '0.1.0',
352 silly addNameRange     '0.1.1',
352 silly addNameRange     '0.2.0',
352 silly addNameRange     '0.3.0',
352 silly addNameRange     '1.0.0',
352 silly addNameRange     '1.0.1',
352 silly addNameRange     '1.0.2',
352 silly addNameRange     '1.1.0',
352 silly addNameRange     '1.2.0',
352 silly addNameRange     '2.0.0',
352 silly addNameRange     '2.0.1',
352 silly addNameRange     '2.0.2',
352 silly addNameRange     '2.0.3',
352 silly addNameRange     '2.0.4',
352 silly addNameRange     '2.1.0',
352 silly addNameRange     '2.2.0',
352 silly addNameRange     '2.3.0',
352 silly addNameRange     '2.4.0',
352 silly addNameRange     '2.5.0',
352 silly addNameRange     '2.6.0',
352 silly addNameRange     '2.7.0',
352 silly addNameRange     '2.8.0',
352 silly addNameRange     '2.9.0',
352 silly addNameRange     '2.10.0',
352 silly addNameRange     '2.10.1',
352 silly addNameRange     '2.10.2',
352 silly addNameRange     '2.11.0',
352 silly addNameRange     '2.12.0',
352 silly addNameRange     '3.0.0',
352 silly addNameRange     '3.1.0',
352 silly addNameRange     '3.1.1',
352 silly addNameRange     '3.2.0',
352 silly addNameRange     '3.3.0',
352 silly addNameRange     '3.3.1',
352 silly addNameRange     '3.4.0',
352 silly addNameRange     '3.5.0',
352 silly addNameRange     '3.6.0',
352 silly addNameRange     '3.7.0',
352 silly addNameRange     '3.8.0',
352 silly addNameRange     '3.9.0',
352 silly addNameRange     '4.0.0',
352 silly addNameRange     '4.1.0',
352 silly addNameRange     '4.2.0',
352 silly addNameRange     '4.3.0',
352 silly addNameRange     '4.4.0',
352 silly addNameRange     '5.0.0',
352 silly addNameRange     '5.1.0',
352 silly addNameRange     '5.1.1',
352 silly addNameRange     '5.2.0',
352 silly addNameRange     '6.1.0',
352 silly addNameRange     '6.2.0',
352 silly addNameRange     '7.0.1',
352 silly addNameRange     '7.1.0',
352 silly addNameRange     '7.2.0',
352 silly addNameRange     '7.3.0',
352 silly addNameRange     '7.4.0',
352 silly addNameRange     '7.5.0',
352 silly addNameRange     '7.6.0',
352 silly addNameRange     '7.7.0',
352 silly addNameRange     '7.7.1',
352 silly addNameRange     '8.0.0',
352 silly addNameRange     '8.1.0',
352 silly addNameRange     '9.0.0',
352 silly addNameRange     '10.0.0',
352 silly addNameRange     '10.1.0',
352 silly addNameRange     '10.2.0',
352 silly addNameRange     '10.3.0',
352 silly addNameRange     '10.4.0',
352 silly addNameRange     '10.5.0',
352 silly addNameRange     '10.6.0',
352 silly addNameRange     '10.7.0',
352 silly addNameRange     '10.7.1',
352 silly addNameRange     '10.8.0',
352 silly addNameRange     '10.9.0',
352 silly addNameRange     '10.10.0',
352 silly addNameRange     '10.11.0',
352 silly addNameRange     '11.0.0',
352 silly addNameRange     '11.1.0',
352 silly addNameRange     '12.0.0',
352 silly addNameRange     '12.0.1',
352 silly addNameRange     '12.1.0',
352 silly addNameRange     '12.2.0',
352 silly addNameRange     '12.3.0',
352 silly addNameRange     '12.3.1',
352 silly addNameRange     '12.4.0',
352 silly addNameRange     '12.4.1',
352 silly addNameRange     '12.4.2',
352 silly addNameRange     '13.0.0',
352 silly addNameRange     '13.0.1',
352 silly addNameRange     '13.0.2',
352 silly addNameRange     '13.0.3',
352 silly addNameRange     '13.1.0',
352 silly addNameRange     '13.1.1',
352 silly addNameRange     '13.1.2',
352 silly addNameRange     '14.0.0',
352 silly addNameRange     '14.1.0',
352 silly addNameRange     '14.1.1',
352 silly addNameRange     '14.1.2',
352 silly addNameRange     '14.1.3',
352 silly addNameRange     '14.1.4',
352 silly addNameRange     '14.2.0',
352 silly addNameRange     '14.3.0',
352 silly addNameRange     '14.4.0',
352 silly addNameRange     '14.5.0',
352 silly addNameRange     '14.6.0',
352 silly addNameRange     '14.6.1',
352 silly addNameRange     '14.6.2',
352 silly addNameRange     '14.7.0',
352 silly addNameRange     '14.7.1',
352 silly addNameRange     '15.0.0',
352 silly addNameRange     '15.0.1',
352 silly addNameRange     '16.0.0',
352 silly addNameRange     '16.0.1',
352 silly addNameRange     '16.1.0',
352 silly addNameRange     '16.2.0',
352 silly addNameRange     '16.3.0',
352 silly addNameRange     '16.4.0',
352 silly addNameRange     '16.5.0',
352 silly addNameRange     '16.5.1',
352 silly addNameRange     '16.5.2',
352 silly addNameRange     '16.5.3',
352 silly addNameRange     '17.0.0',
352 silly addNameRange     '17.0.1',
352 silly addNameRange     '17.0.2',
352 silly addNameRange     '17.1.0',
352 silly addNameRange     '17.1.1',
352 silly addNameRange     '17.1.2',
352 silly addNameRange     '16.5.4',
352 silly addNameRange     '17.1.3',
352 silly addNameRange     '17.1.4',
352 silly addNameRange     '17.1.5',
352 silly addNameRange     '17.1.6',
352 silly addNameRange     '18.0.0',
352 silly addNameRange     '18.1.0',
352 silly addNameRange     '18.2.0',
352 silly addNameRange     '18.2.1',
352 silly addNameRange     '18.3.0',
352 silly addNameRange     '18.4.0',
352 silly addNameRange     '18.5.0',
352 silly addNameRange     '18.6.0',
352 silly addNameRange     '18.7.0',
352 silly addNameRange     '19.0.0',
352 silly addNameRange     '19.1.0',
352 silly addNameRange     '19.1.1',
352 silly addNameRange     '19.2.0',
352 silly addNameRange     '19.3.0',
352 silly addNameRange     '19.4.0',
352 silly addNameRange     '19.4.1',
352 silly addNameRange     '19.5.0',
352 silly addNameRange     '19.6.0',
352 silly addNameRange     '20.0.0',
352 silly addNameRange     '20.0.1',
352 silly addNameRange     '20.1.0',
352 silly addNameRange     '20.2.0',
352 silly addNameRange     '20.3.0',
352 silly addNameRange     '20.4.0',
352 silly addNameRange     '20.4.1',
352 silly addNameRange     '20.5.0',
352 silly addNameRange     '21.0.0' ] ]
353 verbose addNamed [ 'file-type', '3.9.0' ]
354 verbose addNamed [ '3.9.0', '3.9.0' ]
355 silly lockFile 3ded25f0-file-type-3-9-0 file-type@3.9.0
356 verbose lock file-type@3.9.0 /root/.npm/3ded25f0-file-type-3-9-0.lock
357 silly lockFile 5ef0fde3-rg-file-type-file-type-3-9-0-tgz https://registry.npmjs.org/file-type/-/file-type-3.9.0.tgz
358 verbose lock https://registry.npmjs.org/file-type/-/file-type-3.9.0.tgz /root/.npm/5ef0fde3-rg-file-type-file-type-3-9-0-tgz.lock
359 silly lockFile d19fd7da-cypress-request-3-0-1 cypress/request@^3.0.1
360 silly lockFile d19fd7da-cypress-request-3-0-1 cypress/request@^3.0.1
361 verbose addRemoteTarball [ 'https://registry.npmjs.org/file-type/-/file-type-3.9.0.tgz',
361 verbose addRemoteTarball   '257a078384d1db8087bc449d107d52a52672b9e9' ]
362 silly lockFile 9035fff0-cypress-request-promise-5-0-0 cypress/request-promise@^5.0.0
363 silly lockFile 9035fff0-cypress-request-promise-5-0-0 cypress/request-promise@^5.0.0
364 verbose about to build /root/p1/telegram_bot/node_modules/node-telegram-bot-api
365 verbose node_modules/node-telegram-bot-api unbuild
366 info preuninstall node-telegram-bot-api@0.66.0
367 info uninstall node-telegram-bot-api@0.66.0
368 info retry fetch attempt 1 at 01:09:58
369 verbose fetch to= /tmp/npm-31075-kMJB9EFt/registry.npmjs.org/file-type/-/file-type-3.9.0.tgz
370 verbose true,/root/p1/telegram_bot/node_modules,/root/p1/telegram_bot/node_modules unbuild node-telegram-bot-api@0.66.0
371 info postuninstall node-telegram-bot-api@0.66.0
372 http GET https://registry.npmjs.org/file-type/-/file-type-3.9.0.tgz
373 http 200 https://registry.npmjs.org/array.prototype.findindex/-/array.prototype.findindex-2.2.4.tgz
374 http 200 https://registry.npmjs.org/mime/-/mime-1.6.0.tgz
375 error 404 Not Found
375 error 404
375 error 404 'cypress/request' is not in the npm registry.
375 error 404 You should bug the author to publish it
375 error 404 It was specified as a dependency of 'node-telegram-bot-api'
375 error 404
375 error 404 Note that you can also install from a
375 error 404 tarball, folder, or http url, or git url.
376 error System Linux 3.10.0-1160.31.1.el7.x86_64
377 error command "/usr/local/bin/node" "/usr/local/bin/npm" "install" "node-telegram-bot-api"
378 error cwd /root/p1/telegram_bot
379 error node -v v0.10.30
380 error npm -v 1.4.21
381 error code E404
382 verbose exit [ 1, true ]
